Starting optimization of 'Perch2025' in phase 1 of 3 at Thu Oct 23 11:10:30 2025
phase= 1 | nvar= 50 | iter=  0 | nll=3.74e+04 | mag=1.47e+05 | par[ 47]=LogGillNetq
phase= 1 | nvar= 50 | iter= 20 | nll=2.48e+04 | mag=1.70e+04 | par[ 48]=LogOffshoreGillNetq
phase= 1 | nvar= 50 | iter= 40 | nll=2.40e+04 | mag=1.83e+04 | par[ 48]=LogOffshoreGillNetq
phase= 1 | nvar= 50 | iter= 60 | nll=2.18e+04 | mag=1.31e+04 | par[ 47]=LogGillNetq
phase= 1 | nvar= 50 | iter= 80 | nll=2.12e+04 | mag=2.44e+02 | par[ 26]=LogNAgeOne[26]
phase= 1 | nvar= 50 | iter=100 | nll=2.11e+04 | mag=3.63e+01 | par[ 47]=LogGillNetq
phase= 1 | nvar= 50 | iter=113 | nll=2.11e+04 | mag=7.61e-05 | par[ 39]=LogNAgeOne[39]
phase= 2 | nvar= 89 | iter=  0 | nll=2.11e+04 | mag=2.44e+02 | par[ 56]=FByYear[11]
phase= 2 | nvar= 89 | iter= 20 | nll=2.08e+04 | mag=3.61e+03 | par[ 86]=LogGillNetq
phase= 2 | nvar= 89 | iter= 40 | nll=2.08e+04 | mag=4.69e+03 | par[ 86]=LogGillNetq
phase= 2 | nvar= 89 | iter= 60 | nll=2.07e+04 | mag=4.50e+03 | par[ 86]=LogGillNetq
phase= 2 | nvar= 89 | iter= 80 | nll=2.06e+04 | mag=1.66e+02 | par[ 86]=LogGillNetq
phase= 2 | nvar= 89 | iter=100 | nll=2.06e+04 | mag=9.92e+01 | par[ 86]=LogGillNetq
phase= 2 | nvar= 89 | iter=120 | nll=2.06e+04 | mag=1.15e-03 | par[ 86]=LogGillNetq
phase= 2 | nvar= 89 | iter=121 | nll=2.06e+04 | mag=9.38e-05 | par[ 15]=LogNAgeOne[15]
phase= 3 | nvar= 95 | iter=  0 | nll=2.06e+04 | mag=4.34e+03 | par[ 87]=EstKillGammaSelectivityScale
phase= 3 | nvar= 95 | iter= 20 | nll=2.03e+04 | mag=4.46e+03 | par[ 87]=EstKillGammaSelectivityScale
phase= 3 | nvar= 95 | iter= 40 | nll=2.03e+04 | mag=2.90e+03 | par[ 88]=LogGillNetq
phase= 3 | nvar= 95 | iter= 60 | nll=2.02e+04 | mag=4.51e+03 | par[ 88]=LogGillNetq
phase= 3 | nvar= 95 | iter= 80 | nll=2.01e+04 | mag=7.28e+02 | par[ 87]=EstKillGammaSelectivityScale
phase= 3 | nvar= 95 | iter=100 | nll=2.01e+04 | mag=2.29e+02 | par[ 88]=LogGillNetq
phase= 3 | nvar= 95 | iter=120 | nll=2.01e+04 | mag=1.80e-03 | par[ 87]=EstKillGammaSelectivityScale
phase= 3 | nvar= 95 | iter=123 | nll=2.01e+04 | mag=4.79e-05 | par[ 18]=LogNAgeOne[18]
Optimization completed after 0.2 s with final statistics:
  nll=20063.728042 | mag=4.78631e-05 | par[ 18]=LogNAgeOne[18]

Warning: the following parameters had issues
  FByYear[2020] is within 1% of lower bound: 0.01 < 0.0252772 < 2
  FByYear[2021] is within 0.1% of upper bound: 0.01 < 2 < 2

Calculating Hessian (95 variables): 20%, 40%, 60%, 80%, 100% done (0.14 s) 
Inverting Hessian (95 variables): 20%, 40%, 60%, 80%, 100% done (0.008 s) 
Starting standard error calculations...  done (0.023 s) 

Finished running model 'Perch2025' after 0.39 s.
